2026-01-02 23:00:19,976 INFO Latest nid ≈ 1574447. Будет проход: 1..1574447 (≈1574447 шт.)
2026-01-02 23:10:14,018 INFO Latest nid ≈ 1574447. Run range: 1..1574447 (≈1574447 шт.)
2026-01-02 23:10:14,018 INFO Concurrency=6 timeout=25s sleep=0.35s captcha_policy=stop
2026-01-02 23:10:26,927 INFO SKIP nid=90630 status=404 reason=404
2026-01-02 23:10:28,006 INFO SKIP nid=1252950 status=404 reason=404
2026-01-02 23:10:29,704 ERROR Task error: table articles has no column named direction_confidence
Traceback (most recent call last):
  File "C:\Users\user\PycharmProjects\parser_aftershock.news\main.py", line 530, in main
    await fut
  File "C:\Users\user\AppData\Local\Programs\Python\Python312\Lib\asyncio\tasks.py", line 631, in _wait_for_one
    return f.result()  # May raise f.exception().
           ^^^^^^^^^^
  File "C:\Users\user\PycharmProjects\parser_aftershock.news\main.py", line 523, in guarded
    await persist_article(state, art)
  File "C:\Users\user\PycharmProjects\parser_aftershock.news\main.py", line 418, in persist_article
    await save_article(state["db"], article)
  File "C:\Users\user\PycharmProjects\parser_aftershock.news\main.py", line 241, in save_article
    await db.execute(
  File "C:\Users\user\PycharmProjects\parser_aftershock.news\.venv\Lib\site-packages\aiosqlite\core.py", line 223, in execute
    cursor = await self._execute(self._conn.execute, sql, parameters)
             ^^^^^^^^^^^^^^^^^^^^^^^^^^^^^^^^^^^^^^^^^^^^^^^^^^^^^^^^
  File "C:\Users\user\PycharmProjects\parser_aftershock.news\.venv\Lib\site-packages\aiosqlite\core.py", line 160, in _execute
    return await future
           ^^^^^^^^^^^^
  File "C:\Users\user\PycharmProjects\parser_aftershock.news\.venv\Lib\site-packages\aiosqlite\core.py", line 63, in _connection_worker_thread
    result = function()
             ^^^^^^^^^^
sqlite3.OperationalError: table articles has no column named direction_confidence
2026-01-02 23:10:29,948 INFO SKIP nid=90631 status=404 reason=404
2026-01-02 23:10:30,754 ERROR Task error: table articles has no column named direction_confidence
Traceback (most recent call last):
  File "C:\Users\user\PycharmProjects\parser_aftershock.news\main.py", line 530, in main
    await fut
  File "C:\Users\user\AppData\Local\Programs\Python\Python312\Lib\asyncio\tasks.py", line 631, in _wait_for_one
    return f.result()  # May raise f.exception().
           ^^^^^^^^^^
  File "C:\Users\user\PycharmProjects\parser_aftershock.news\main.py", line 523, in guarded
    await persist_article(state, art)
  File "C:\Users\user\PycharmProjects\parser_aftershock.news\main.py", line 418, in persist_article
    await save_article(state["db"], article)
  File "C:\Users\user\PycharmProjects\parser_aftershock.news\main.py", line 241, in save_article
    await db.execute(
  File "C:\Users\user\PycharmProjects\parser_aftershock.news\.venv\Lib\site-packages\aiosqlite\core.py", line 223, in execute
    cursor = await self._execute(self._conn.execute, sql, parameters)
             ^^^^^^^^^^^^^^^^^^^^^^^^^^^^^^^^^^^^^^^^^^^^^^^^^^^^^^^^
  File "C:\Users\user\PycharmProjects\parser_aftershock.news\.venv\Lib\site-packages\aiosqlite\core.py", line 160, in _execute
    return await future
           ^^^^^^^^^^^^
  File "C:\Users\user\PycharmProjects\parser_aftershock.news\.venv\Lib\site-packages\aiosqlite\core.py", line 63, in _connection_worker_thread
    result = function()
             ^^^^^^^^^^
sqlite3.OperationalError: table articles has no column named direction_confidence
2026-01-02 23:10:30,901 ERROR Task error: table articles has no column named direction_confidence
Traceback (most recent call last):
  File "C:\Users\user\PycharmProjects\parser_aftershock.news\main.py", line 530, in main
    await fut
  File "C:\Users\user\AppData\Local\Programs\Python\Python312\Lib\asyncio\tasks.py", line 631, in _wait_for_one
    return f.result()  # May raise f.exception().
           ^^^^^^^^^^
  File "C:\Users\user\PycharmProjects\parser_aftershock.news\main.py", line 523, in guarded
    await persist_article(state, art)
  File "C:\Users\user\PycharmProjects\parser_aftershock.news\main.py", line 418, in persist_article
    await save_article(state["db"], article)
  File "C:\Users\user\PycharmProjects\parser_aftershock.news\main.py", line 241, in save_article
    await db.execute(
  File "C:\Users\user\PycharmProjects\parser_aftershock.news\.venv\Lib\site-packages\aiosqlite\core.py", line 223, in execute
    cursor = await self._execute(self._conn.execute, sql, parameters)
             ^^^^^^^^^^^^^^^^^^^^^^^^^^^^^^^^^^^^^^^^^^^^^^^^^^^^^^^^
  File "C:\Users\user\PycharmProjects\parser_aftershock.news\.venv\Lib\site-packages\aiosqlite\core.py", line 160, in _execute
    return await future
           ^^^^^^^^^^^^
  File "C:\Users\user\PycharmProjects\parser_aftershock.news\.venv\Lib\site-packages\aiosqlite\core.py", line 63, in _connection_worker_thread
    result = function()
             ^^^^^^^^^^
sqlite3.OperationalError: table articles has no column named direction_confidence
2026-01-02 23:10:31,321 ERROR Task error: table articles has no column named direction_confidence
Traceback (most recent call last):
  File "C:\Users\user\PycharmProjects\parser_aftershock.news\main.py", line 530, in main
    await fut
  File "C:\Users\user\AppData\Local\Programs\Python\Python312\Lib\asyncio\tasks.py", line 631, in _wait_for_one
    return f.result()  # May raise f.exception().
           ^^^^^^^^^^
  File "C:\Users\user\PycharmProjects\parser_aftershock.news\main.py", line 523, in guarded
    await persist_article(state, art)
  File "C:\Users\user\PycharmProjects\parser_aftershock.news\main.py", line 418, in persist_article
    await save_article(state["db"], article)
  File "C:\Users\user\PycharmProjects\parser_aftershock.news\main.py", line 241, in save_article
    await db.execute(
  File "C:\Users\user\PycharmProjects\parser_aftershock.news\.venv\Lib\site-packages\aiosqlite\core.py", line 223, in execute
    cursor = await self._execute(self._conn.execute, sql, parameters)
             ^^^^^^^^^^^^^^^^^^^^^^^^^^^^^^^^^^^^^^^^^^^^^^^^^^^^^^^^
  File "C:\Users\user\PycharmProjects\parser_aftershock.news\.venv\Lib\site-packages\aiosqlite\core.py", line 160, in _execute
    return await future
           ^^^^^^^^^^^^
  File "C:\Users\user\PycharmProjects\parser_aftershock.news\.venv\Lib\site-packages\aiosqlite\core.py", line 63, in _connection_worker_thread
    result = function()
             ^^^^^^^^^^
sqlite3.OperationalError: table articles has no column named direction_confidence
2026-01-02 23:10:31,322 ERROR Task error: table articles has no column named direction_confidence
Traceback (most recent call last):
  File "C:\Users\user\PycharmProjects\parser_aftershock.news\main.py", line 530, in main
    await fut
  File "C:\Users\user\AppData\Local\Programs\Python\Python312\Lib\asyncio\tasks.py", line 631, in _wait_for_one
    return f.result()  # May raise f.exception().
           ^^^^^^^^^^
  File "C:\Users\user\PycharmProjects\parser_aftershock.news\main.py", line 523, in guarded
    await persist_article(state, art)
  File "C:\Users\user\PycharmProjects\parser_aftershock.news\main.py", line 418, in persist_article
    await save_article(state["db"], article)
  File "C:\Users\user\PycharmProjects\parser_aftershock.news\main.py", line 241, in save_article
    await db.execute(
  File "C:\Users\user\PycharmProjects\parser_aftershock.news\.venv\Lib\site-packages\aiosqlite\core.py", line 223, in execute
    cursor = await self._execute(self._conn.execute, sql, parameters)
             ^^^^^^^^^^^^^^^^^^^^^^^^^^^^^^^^^^^^^^^^^^^^^^^^^^^^^^^^
  File "C:\Users\user\PycharmProjects\parser_aftershock.news\.venv\Lib\site-packages\aiosqlite\core.py", line 160, in _execute
    return await future
           ^^^^^^^^^^^^
  File "C:\Users\user\PycharmProjects\parser_aftershock.news\.venv\Lib\site-packages\aiosqlite\core.py", line 63, in _connection_worker_thread
    result = function()
             ^^^^^^^^^^
sqlite3.OperationalError: table articles has no column named direction_confidence
2026-01-02 23:10:31,600 ERROR Task error: table articles has no column named direction_confidence
Traceback (most recent call last):
  File "C:\Users\user\PycharmProjects\parser_aftershock.news\main.py", line 530, in main
    await fut
  File "C:\Users\user\AppData\Local\Programs\Python\Python312\Lib\asyncio\tasks.py", line 631, in _wait_for_one
    return f.result()  # May raise f.exception().
           ^^^^^^^^^^
  File "C:\Users\user\PycharmProjects\parser_aftershock.news\main.py", line 523, in guarded
    await persist_article(state, art)
  File "C:\Users\user\PycharmProjects\parser_aftershock.news\main.py", line 418, in persist_article
    await save_article(state["db"], article)
  File "C:\Users\user\PycharmProjects\parser_aftershock.news\main.py", line 241, in save_article
    await db.execute(
  File "C:\Users\user\PycharmProjects\parser_aftershock.news\.venv\Lib\site-packages\aiosqlite\core.py", line 223, in execute
    cursor = await self._execute(self._conn.execute, sql, parameters)
             ^^^^^^^^^^^^^^^^^^^^^^^^^^^^^^^^^^^^^^^^^^^^^^^^^^^^^^^^
  File "C:\Users\user\PycharmProjects\parser_aftershock.news\.venv\Lib\site-packages\aiosqlite\core.py", line 160, in _execute
    return await future
           ^^^^^^^^^^^^
  File "C:\Users\user\PycharmProjects\parser_aftershock.news\.venv\Lib\site-packages\aiosqlite\core.py", line 63, in _connection_worker_thread
    result = function()
             ^^^^^^^^^^
sqlite3.OperationalError: table articles has no column named direction_confidence
2026-01-02 23:10:32,039 ERROR Task error: table articles has no column named direction_confidence
Traceback (most recent call last):
  File "C:\Users\user\PycharmProjects\parser_aftershock.news\main.py", line 530, in main
    await fut
  File "C:\Users\user\AppData\Local\Programs\Python\Python312\Lib\asyncio\tasks.py", line 631, in _wait_for_one
    return f.result()  # May raise f.exception().
           ^^^^^^^^^^
  File "C:\Users\user\PycharmProjects\parser_aftershock.news\main.py", line 523, in guarded
    await persist_article(state, art)
  File "C:\Users\user\PycharmProjects\parser_aftershock.news\main.py", line 418, in persist_article
    await save_article(state["db"], article)
  File "C:\Users\user\PycharmProjects\parser_aftershock.news\main.py", line 241, in save_article
    await db.execute(
  File "C:\Users\user\PycharmProjects\parser_aftershock.news\.venv\Lib\site-packages\aiosqlite\core.py", line 223, in execute
    cursor = await self._execute(self._conn.execute, sql, parameters)
             ^^^^^^^^^^^^^^^^^^^^^^^^^^^^^^^^^^^^^^^^^^^^^^^^^^^^^^^^
  File "C:\Users\user\PycharmProjects\parser_aftershock.news\.venv\Lib\site-packages\aiosqlite\core.py", line 160, in _execute
    return await future
           ^^^^^^^^^^^^
  File "C:\Users\user\PycharmProjects\parser_aftershock.news\.venv\Lib\site-packages\aiosqlite\core.py", line 63, in _connection_worker_thread
    result = function()
             ^^^^^^^^^^
sqlite3.OperationalError: table articles has no column named direction_confidence
2026-01-02 23:10:33,150 ERROR Task error: table articles has no column named direction_confidence
Traceback (most recent call last):
  File "C:\Users\user\PycharmProjects\parser_aftershock.news\main.py", line 530, in main
    await fut
  File "C:\Users\user\AppData\Local\Programs\Python\Python312\Lib\asyncio\tasks.py", line 631, in _wait_for_one
    return f.result()  # May raise f.exception().
           ^^^^^^^^^^
  File "C:\Users\user\PycharmProjects\parser_aftershock.news\main.py", line 523, in guarded
    await persist_article(state, art)
  File "C:\Users\user\PycharmProjects\parser_aftershock.news\main.py", line 418, in persist_article
    await save_article(state["db"], article)
  File "C:\Users\user\PycharmProjects\parser_aftershock.news\main.py", line 241, in save_article
    await db.execute(
  File "C:\Users\user\PycharmProjects\parser_aftershock.news\.venv\Lib\site-packages\aiosqlite\core.py", line 223, in execute
    cursor = await self._execute(self._conn.execute, sql, parameters)
             ^^^^^^^^^^^^^^^^^^^^^^^^^^^^^^^^^^^^^^^^^^^^^^^^^^^^^^^^
  File "C:\Users\user\PycharmProjects\parser_aftershock.news\.venv\Lib\site-packages\aiosqlite\core.py", line 160, in _execute
    return await future
           ^^^^^^^^^^^^
  File "C:\Users\user\PycharmProjects\parser_aftershock.news\.venv\Lib\site-packages\aiosqlite\core.py", line 63, in _connection_worker_thread
    result = function()
             ^^^^^^^^^^
sqlite3.OperationalError: table articles has no column named direction_confidence
2026-01-02 23:10:33,330 INFO SKIP nid=90632 status=404 reason=404
2026-01-02 23:10:34,393 ERROR Task error: table articles has no column named direction_confidence
Traceback (most recent call last):
  File "C:\Users\user\PycharmProjects\parser_aftershock.news\main.py", line 530, in main
    await fut
  File "C:\Users\user\AppData\Local\Programs\Python\Python312\Lib\asyncio\tasks.py", line 631, in _wait_for_one
    return f.result()  # May raise f.exception().
           ^^^^^^^^^^
  File "C:\Users\user\PycharmProjects\parser_aftershock.news\main.py", line 523, in guarded
    await persist_article(state, art)
  File "C:\Users\user\PycharmProjects\parser_aftershock.news\main.py", line 418, in persist_article
    await save_article(state["db"], article)
  File "C:\Users\user\PycharmProjects\parser_aftershock.news\main.py", line 241, in save_article
    await db.execute(
  File "C:\Users\user\PycharmProjects\parser_aftershock.news\.venv\Lib\site-packages\aiosqlite\core.py", line 223, in execute
    cursor = await self._execute(self._conn.execute, sql, parameters)
             ^^^^^^^^^^^^^^^^^^^^^^^^^^^^^^^^^^^^^^^^^^^^^^^^^^^^^^^^
  File "C:\Users\user\PycharmProjects\parser_aftershock.news\.venv\Lib\site-packages\aiosqlite\core.py", line 160, in _execute
    return await future
           ^^^^^^^^^^^^
  File "C:\Users\user\PycharmProjects\parser_aftershock.news\.venv\Lib\site-packages\aiosqlite\core.py", line 63, in _connection_worker_thread
    result = function()
             ^^^^^^^^^^
sqlite3.OperationalError: table articles has no column named direction_confidence
2026-01-02 23:10:34,535 ERROR Task error: table articles has no column named direction_confidence
Traceback (most recent call last):
  File "C:\Users\user\PycharmProjects\parser_aftershock.news\main.py", line 530, in main
    await fut
  File "C:\Users\user\AppData\Local\Programs\Python\Python312\Lib\asyncio\tasks.py", line 631, in _wait_for_one
    return f.result()  # May raise f.exception().
           ^^^^^^^^^^
  File "C:\Users\user\PycharmProjects\parser_aftershock.news\main.py", line 523, in guarded
    await persist_article(state, art)
  File "C:\Users\user\PycharmProjects\parser_aftershock.news\main.py", line 418, in persist_article
    await save_article(state["db"], article)
  File "C:\Users\user\PycharmProjects\parser_aftershock.news\main.py", line 241, in save_article
    await db.execute(
  File "C:\Users\user\PycharmProjects\parser_aftershock.news\.venv\Lib\site-packages\aiosqlite\core.py", line 223, in execute
    cursor = await self._execute(self._conn.execute, sql, parameters)
             ^^^^^^^^^^^^^^^^^^^^^^^^^^^^^^^^^^^^^^^^^^^^^^^^^^^^^^^^
  File "C:\Users\user\PycharmProjects\parser_aftershock.news\.venv\Lib\site-packages\aiosqlite\core.py", line 160, in _execute
    return await future
           ^^^^^^^^^^^^
  File "C:\Users\user\PycharmProjects\parser_aftershock.news\.venv\Lib\site-packages\aiosqlite\core.py", line 63, in _connection_worker_thread
    result = function()
             ^^^^^^^^^^
sqlite3.OperationalError: table articles has no column named direction_confidence
2026-01-02 23:10:34,741 ERROR Task error: table articles has no column named direction_confidence
Traceback (most recent call last):
  File "C:\Users\user\PycharmProjects\parser_aftershock.news\main.py", line 530, in main
    await fut
  File "C:\Users\user\AppData\Local\Programs\Python\Python312\Lib\asyncio\tasks.py", line 631, in _wait_for_one
    return f.result()  # May raise f.exception().
           ^^^^^^^^^^
  File "C:\Users\user\PycharmProjects\parser_aftershock.news\main.py", line 523, in guarded
    await persist_article(state, art)
  File "C:\Users\user\PycharmProjects\parser_aftershock.news\main.py", line 418, in persist_article
    await save_article(state["db"], article)
  File "C:\Users\user\PycharmProjects\parser_aftershock.news\main.py", line 241, in save_article
    await db.execute(
  File "C:\Users\user\PycharmProjects\parser_aftershock.news\.venv\Lib\site-packages\aiosqlite\core.py", line 223, in execute
    cursor = await self._execute(self._conn.execute, sql, parameters)
             ^^^^^^^^^^^^^^^^^^^^^^^^^^^^^^^^^^^^^^^^^^^^^^^^^^^^^^^^
  File "C:\Users\user\PycharmProjects\parser_aftershock.news\.venv\Lib\site-packages\aiosqlite\core.py", line 160, in _execute
    return await future
           ^^^^^^^^^^^^
  File "C:\Users\user\PycharmProjects\parser_aftershock.news\.venv\Lib\site-packages\aiosqlite\core.py", line 63, in _connection_worker_thread
    result = function()
             ^^^^^^^^^^
sqlite3.OperationalError: table articles has no column named direction_confidence
2026-01-02 23:10:35,297 ERROR Task error: table articles has no column named direction_confidence
Traceback (most recent call last):
  File "C:\Users\user\PycharmProjects\parser_aftershock.news\main.py", line 530, in main
    await fut
  File "C:\Users\user\AppData\Local\Programs\Python\Python312\Lib\asyncio\tasks.py", line 631, in _wait_for_one
    return f.result()  # May raise f.exception().
           ^^^^^^^^^^
  File "C:\Users\user\PycharmProjects\parser_aftershock.news\main.py", line 523, in guarded
    await persist_article(state, art)
  File "C:\Users\user\PycharmProjects\parser_aftershock.news\main.py", line 418, in persist_article
    await save_article(state["db"], article)
  File "C:\Users\user\PycharmProjects\parser_aftershock.news\main.py", line 241, in save_article
    await db.execute(
  File "C:\Users\user\PycharmProjects\parser_aftershock.news\.venv\Lib\site-packages\aiosqlite\core.py", line 223, in execute
    cursor = await self._execute(self._conn.execute, sql, parameters)
             ^^^^^^^^^^^^^^^^^^^^^^^^^^^^^^^^^^^^^^^^^^^^^^^^^^^^^^^^
  File "C:\Users\user\PycharmProjects\parser_aftershock.news\.venv\Lib\site-packages\aiosqlite\core.py", line 160, in _execute
    return await future
           ^^^^^^^^^^^^
  File "C:\Users\user\PycharmProjects\parser_aftershock.news\.venv\Lib\site-packages\aiosqlite\core.py", line 63, in _connection_worker_thread
    result = function()
             ^^^^^^^^^^
sqlite3.OperationalError: table articles has no column named direction_confidence
2026-01-02 23:10:35,852 ERROR Task error: table articles has no column named direction_confidence
Traceback (most recent call last):
  File "C:\Users\user\PycharmProjects\parser_aftershock.news\main.py", line 530, in main
    await fut
  File "C:\Users\user\AppData\Local\Programs\Python\Python312\Lib\asyncio\tasks.py", line 631, in _wait_for_one
    return f.result()  # May raise f.exception().
           ^^^^^^^^^^
  File "C:\Users\user\PycharmProjects\parser_aftershock.news\main.py", line 523, in guarded
    await persist_article(state, art)
  File "C:\Users\user\PycharmProjects\parser_aftershock.news\main.py", line 418, in persist_article
    await save_article(state["db"], article)
  File "C:\Users\user\PycharmProjects\parser_aftershock.news\main.py", line 241, in save_article
    await db.execute(
  File "C:\Users\user\PycharmProjects\parser_aftershock.news\.venv\Lib\site-packages\aiosqlite\core.py", line 223, in execute
    cursor = await self._execute(self._conn.execute, sql, parameters)
             ^^^^^^^^^^^^^^^^^^^^^^^^^^^^^^^^^^^^^^^^^^^^^^^^^^^^^^^^
  File "C:\Users\user\PycharmProjects\parser_aftershock.news\.venv\Lib\site-packages\aiosqlite\core.py", line 160, in _execute
    return await future
           ^^^^^^^^^^^^
  File "C:\Users\user\PycharmProjects\parser_aftershock.news\.venv\Lib\site-packages\aiosqlite\core.py", line 63, in _connection_worker_thread
    result = function()
             ^^^^^^^^^^
sqlite3.OperationalError: table articles has no column named direction_confidence
2026-01-02 23:10:36,489 ERROR Task error: table articles has no column named direction_confidence
Traceback (most recent call last):
  File "C:\Users\user\PycharmProjects\parser_aftershock.news\main.py", line 530, in main
    await fut
  File "C:\Users\user\AppData\Local\Programs\Python\Python312\Lib\asyncio\tasks.py", line 631, in _wait_for_one
    return f.result()  # May raise f.exception().
           ^^^^^^^^^^
  File "C:\Users\user\PycharmProjects\parser_aftershock.news\main.py", line 523, in guarded
    await persist_article(state, art)
  File "C:\Users\user\PycharmProjects\parser_aftershock.news\main.py", line 418, in persist_article
    await save_article(state["db"], article)
  File "C:\Users\user\PycharmProjects\parser_aftershock.news\main.py", line 241, in save_article
    await db.execute(
  File "C:\Users\user\PycharmProjects\parser_aftershock.news\.venv\Lib\site-packages\aiosqlite\core.py", line 223, in execute
    cursor = await self._execute(self._conn.execute, sql, parameters)
             ^^^^^^^^^^^^^^^^^^^^^^^^^^^^^^^^^^^^^^^^^^^^^^^^^^^^^^^^
  File "C:\Users\user\PycharmProjects\parser_aftershock.news\.venv\Lib\site-packages\aiosqlite\core.py", line 160, in _execute
    return await future
           ^^^^^^^^^^^^
  File "C:\Users\user\PycharmProjects\parser_aftershock.news\.venv\Lib\site-packages\aiosqlite\core.py", line 63, in _connection_worker_thread
    result = function()
             ^^^^^^^^^^
sqlite3.OperationalError: table articles has no column named direction_confidence
2026-01-02 23:10:36,771 INFO SKIP nid=90633 status=404 reason=404
2026-01-02 23:10:36,771 ERROR Task error: table articles has no column named direction_confidence
Traceback (most recent call last):
  File "C:\Users\user\PycharmProjects\parser_aftershock.news\main.py", line 530, in main
    await fut
  File "C:\Users\user\AppData\Local\Programs\Python\Python312\Lib\asyncio\tasks.py", line 631, in _wait_for_one
    return f.result()  # May raise f.exception().
           ^^^^^^^^^^
  File "C:\Users\user\PycharmProjects\parser_aftershock.news\main.py", line 523, in guarded
    await persist_article(state, art)
  File "C:\Users\user\PycharmProjects\parser_aftershock.news\main.py", line 418, in persist_article
    await save_article(state["db"], article)
  File "C:\Users\user\PycharmProjects\parser_aftershock.news\main.py", line 241, in save_article
    await db.execute(
  File "C:\Users\user\PycharmProjects\parser_aftershock.news\.venv\Lib\site-packages\aiosqlite\core.py", line 223, in execute
    cursor = await self._execute(self._conn.execute, sql, parameters)
             ^^^^^^^^^^^^^^^^^^^^^^^^^^^^^^^^^^^^^^^^^^^^^^^^^^^^^^^^
  File "C:\Users\user\PycharmProjects\parser_aftershock.news\.venv\Lib\site-packages\aiosqlite\core.py", line 160, in _execute
    return await future
           ^^^^^^^^^^^^
  File "C:\Users\user\PycharmProjects\parser_aftershock.news\.venv\Lib\site-packages\aiosqlite\core.py", line 63, in _connection_worker_thread
    result = function()
             ^^^^^^^^^^
sqlite3.OperationalError: table articles has no column named direction_confidence
2026-01-02 23:10:36,773 ERROR Task error: table articles has no column named direction_confidence
Traceback (most recent call last):
  File "C:\Users\user\PycharmProjects\parser_aftershock.news\main.py", line 530, in main
    await fut
  File "C:\Users\user\AppData\Local\Programs\Python\Python312\Lib\asyncio\tasks.py", line 631, in _wait_for_one
    return f.result()  # May raise f.exception().
           ^^^^^^^^^^
  File "C:\Users\user\PycharmProjects\parser_aftershock.news\main.py", line 523, in guarded
    await persist_article(state, art)
  File "C:\Users\user\PycharmProjects\parser_aftershock.news\main.py", line 418, in persist_article
    await save_article(state["db"], article)
  File "C:\Users\user\PycharmProjects\parser_aftershock.news\main.py", line 241, in save_article
    await db.execute(
  File "C:\Users\user\PycharmProjects\parser_aftershock.news\.venv\Lib\site-packages\aiosqlite\core.py", line 223, in execute
    cursor = await self._execute(self._conn.execute, sql, parameters)
             ^^^^^^^^^^^^^^^^^^^^^^^^^^^^^^^^^^^^^^^^^^^^^^^^^^^^^^^^
  File "C:\Users\user\PycharmProjects\parser_aftershock.news\.venv\Lib\site-packages\aiosqlite\core.py", line 160, in _execute
    return await future
           ^^^^^^^^^^^^
  File "C:\Users\user\PycharmProjects\parser_aftershock.news\.venv\Lib\site-packages\aiosqlite\core.py", line 63, in _connection_worker_thread
    result = function()
             ^^^^^^^^^^
sqlite3.OperationalError: table articles has no column named direction_confidence
2026-01-02 23:10:37,541 ERROR Task error: table articles has no column named direction_confidence
Traceback (most recent call last):
  File "C:\Users\user\PycharmProjects\parser_aftershock.news\main.py", line 530, in main
    await fut
  File "C:\Users\user\AppData\Local\Programs\Python\Python312\Lib\asyncio\tasks.py", line 631, in _wait_for_one
    return f.result()  # May raise f.exception().
           ^^^^^^^^^^
  File "C:\Users\user\PycharmProjects\parser_aftershock.news\main.py", line 523, in guarded
    await persist_article(state, art)
  File "C:\Users\user\PycharmProjects\parser_aftershock.news\main.py", line 418, in persist_article
    await save_article(state["db"], article)
  File "C:\Users\user\PycharmProjects\parser_aftershock.news\main.py", line 241, in save_article
    await db.execute(
  File "C:\Users\user\PycharmProjects\parser_aftershock.news\.venv\Lib\site-packages\aiosqlite\core.py", line 223, in execute
    cursor = await self._execute(self._conn.execute, sql, parameters)
             ^^^^^^^^^^^^^^^^^^^^^^^^^^^^^^^^^^^^^^^^^^^^^^^^^^^^^^^^
  File "C:\Users\user\PycharmProjects\parser_aftershock.news\.venv\Lib\site-packages\aiosqlite\core.py", line 160, in _execute
    return await future
           ^^^^^^^^^^^^
  File "C:\Users\user\PycharmProjects\parser_aftershock.news\.venv\Lib\site-packages\aiosqlite\core.py", line 63, in _connection_worker_thread
    result = function()
             ^^^^^^^^^^
sqlite3.OperationalError: table articles has no column named direction_confidence
2026-01-02 23:10:37,750 ERROR Task error: table articles has no column named direction_confidence
Traceback (most recent call last):
  File "C:\Users\user\PycharmProjects\parser_aftershock.news\main.py", line 530, in main
    await fut
  File "C:\Users\user\AppData\Local\Programs\Python\Python312\Lib\asyncio\tasks.py", line 631, in _wait_for_one
    return f.result()  # May raise f.exception().
           ^^^^^^^^^^
  File "C:\Users\user\PycharmProjects\parser_aftershock.news\main.py", line 523, in guarded
    await persist_article(state, art)
  File "C:\Users\user\PycharmProjects\parser_aftershock.news\main.py", line 418, in persist_article
    await save_article(state["db"], article)
  File "C:\Users\user\PycharmProjects\parser_aftershock.news\main.py", line 241, in save_article
    await db.execute(
  File "C:\Users\user\PycharmProjects\parser_aftershock.news\.venv\Lib\site-packages\aiosqlite\core.py", line 223, in execute
    cursor = await self._execute(self._conn.execute, sql, parameters)
             ^^^^^^^^^^^^^^^^^^^^^^^^^^^^^^^^^^^^^^^^^^^^^^^^^^^^^^^^
  File "C:\Users\user\PycharmProjects\parser_aftershock.news\.venv\Lib\site-packages\aiosqlite\core.py", line 160, in _execute
    return await future
           ^^^^^^^^^^^^
  File "C:\Users\user\PycharmProjects\parser_aftershock.news\.venv\Lib\site-packages\aiosqlite\core.py", line 63, in _connection_worker_thread
    result = function()
             ^^^^^^^^^^
sqlite3.OperationalError: table articles has no column named direction_confidence
2026-01-02 23:10:38,304 ERROR Task error: table articles has no column named direction_confidence
Traceback (most recent call last):
  File "C:\Users\user\PycharmProjects\parser_aftershock.news\main.py", line 530, in main
    await fut
  File "C:\Users\user\AppData\Local\Programs\Python\Python312\Lib\asyncio\tasks.py", line 631, in _wait_for_one
    return f.result()  # May raise f.exception().
           ^^^^^^^^^^
  File "C:\Users\user\PycharmProjects\parser_aftershock.news\main.py", line 523, in guarded
    await persist_article(state, art)
  File "C:\Users\user\PycharmProjects\parser_aftershock.news\main.py", line 418, in persist_article
    await save_article(state["db"], article)
  File "C:\Users\user\PycharmProjects\parser_aftershock.news\main.py", line 241, in save_article
    await db.execute(
  File "C:\Users\user\PycharmProjects\parser_aftershock.news\.venv\Lib\site-packages\aiosqlite\core.py", line 223, in execute
    cursor = await self._execute(self._conn.execute, sql, parameters)
             ^^^^^^^^^^^^^^^^^^^^^^^^^^^^^^^^^^^^^^^^^^^^^^^^^^^^^^^^
  File "C:\Users\user\PycharmProjects\parser_aftershock.news\.venv\Lib\site-packages\aiosqlite\core.py", line 160, in _execute
    return await future
           ^^^^^^^^^^^^
  File "C:\Users\user\PycharmProjects\parser_aftershock.news\.venv\Lib\site-packages\aiosqlite\core.py", line 63, in _connection_worker_thread
    result = function()
             ^^^^^^^^^^
sqlite3.OperationalError: table articles has no column named direction_confidence
2026-01-02 23:10:38,500 INFO Done. processed=24 saved=0 skipped=5 captcha=0 trained=17
